[debug] [2026-04-26T18:27:03.990Z] ----------------------------------------------------------------------
[debug] [2026-04-26T18:27:03.993Z] Command:       C:\Program Files\nodejs\node.exe C:\Users\Shriraj\AppData\Roaming\npm\node_modules\firebase-tools\lib\bin\firebase.js init
[debug] [2026-04-26T18:27:03.994Z] CLI Version:   15.15.0
[debug] [2026-04-26T18:27:03.994Z] Platform:      win32
[debug] [2026-04-26T18:27:03.994Z] Node Version:  v24.11.0
[debug] [2026-04-26T18:27:03.994Z] Time:          Sun Apr 26 2026 23:57:03 GMT+0530 (India Standard Time)
[debug] [2026-04-26T18:27:03.994Z] ----------------------------------------------------------------------
[debug] 
[debug] [2026-04-26T18:27:03.996Z] >>> [apiv2][query] GET https://firebase-public.firebaseio.com/cli.json [none]
[info] 
     ######## #### ########  ######## ########     ###     ######  ########
     ##        ##  ##     ## ##       ##     ##  ##   ##  ##       ##
     ######    ##  ########  ######   ########  #########  ######  ######
     ##        ##  ##    ##  ##       ##     ## ##     ##       ## ##
     ##       #### ##     ## ######## ########  ##     ##  ######  ########

You're about to initialize a Firebase project in this directory:

  C:\Users\Shriraj\Documents\loadgo-admin

[debug] [2026-04-26T18:27:09.353Z] <<< [apiv2][status] GET https://firebase-public.firebaseio.com/cli.json 200
[debug] [2026-04-26T18:27:09.354Z] <<< [apiv2][body] GET https://firebase-public.firebaseio.com/cli.json {"cloudBuildErrorAfter":1594252800000,"cloudBuildWarnAfter":1590019200000,"defaultNode10After":1594252800000,"minVersion":"3.0.5","node8DeploysDisabledAfter":1613390400000,"node8RuntimeDisabledAfter":1615809600000,"node8WarnAfter":1600128000000}
[info] 
=== Project Setup
[info] 
[info] First, let's associate this project directory with a Firebase project.
[info] You can create multiple project aliases by running firebase use --add, 
[info] 
[debug] [2026-04-26T18:27:40.089Z] > command requires scopes: ["email","openid","https://www.googleapis.com/auth/cloudplatformprojects.readonly","https://www.googleapis.com/auth/firebase","https://www.googleapis.com/auth/cloud-platform"]
[debug] [2026-04-26T18:27:40.090Z] > authorizing via signed-in user (gamebrainstudios1@gmail.com)
[debug] [2026-04-26T18:27:40.090Z] Checked if tokens are valid: false, expires at: 1777063141623
[debug] [2026-04-26T18:27:40.091Z] Checked if tokens are valid: false, expires at: 1777063141623
[debug] [2026-04-26T18:27:40.091Z] > refreshing access token with scopes: []
[debug] [2026-04-26T18:27:40.091Z] >>> [apiv2][query] POST https://www.googleapis.com/oauth2/v3/token [none]
[debug] [2026-04-26T18:27:40.092Z] >>> [apiv2][body] POST https://www.googleapis.com/oauth2/v3/token [omitted]
[debug] [2026-04-26T18:27:40.274Z] <<< [apiv2][status] POST https://www.googleapis.com/oauth2/v3/token 200
[debug] [2026-04-26T18:27:40.274Z] <<< [apiv2][body] POST https://www.googleapis.com/oauth2/v3/token [omitted]
[debug] [2026-04-26T18:27:40.284Z] >>> [apiv2][query] GET https://firebase.googleapis.com/v1beta1/projects pageSize=100
[debug] [2026-04-26T18:27:40.963Z] <<< [apiv2][status] GET https://firebase.googleapis.com/v1beta1/projects 200
[debug] [2026-04-26T18:27:40.963Z] <<< [apiv2][body] GET https://firebase.googleapis.com/v1beta1/projects [omitted]
[info] 
=== Hosting Setup
[debug] [2026-04-26T18:27:53.531Z] Checked if tokens are valid: true, expires at: 1777231659274
[debug] [2026-04-26T18:27:53.531Z] Checked if tokens are valid: true, expires at: 1777231659274
[debug] [2026-04-26T18:27:53.531Z] >>> [apiv2][query] GET https://firebase.googleapis.com/v1beta1/projects/loadgo-dev [none]
[debug] [2026-04-26T18:27:54.183Z] <<< [apiv2][status] GET https://firebase.googleapis.com/v1beta1/projects/loadgo-dev 200
[debug] [2026-04-26T18:27:54.184Z] <<< [apiv2][body] GET https://firebase.googleapis.com/v1beta1/projects/loadgo-dev {"projectId":"loadgo-dev","projectNumber":"470719393810","displayName":"loadgo-dev","name":"projects/loadgo-dev","resources":{"hostingSite":"loadgo-dev"},"state":"ACTIVE","etag":"1_6b8767b9-5e1c-46e9-8e51-29e48cdadfc8"}
[info] 
[info] Your public directory is the folder (relative to your project directory) that
[info] will contain Hosting assets to be uploaded with firebase deploy. If you
[info] have a build process for your assets, use your build's output directory.
[info] 
[info] 
[info] i  Didn't detect a .git folder. Assuming C:\Users\Shriraj\Documents\loadgo-admin is the project root. 
[info] i  Authorizing with GitHub to upload your service account to a GitHub repository's secrets store. 
[info] 
[info] Visit this URL on this device to log in:
[info] https://github.com/login/oauth/authorize?client_id=89cf50f02ac6aaed3484&state=274413787&redirect_uri=http%3A%2F%2Flocalhost%3A9005&scope=read%3Auser%20repo%20public_repo
[info] 
[info] Waiting for authentication...
